<?xml version="1.0" encoding="UTF-8"?>
<!-- Generated by org.testng.reporters.JUnitReportReporter -->
<testsuite skipped="0" hostname="SVFL-XAADQAF-40" name="PEGA.Changerequest" tests="1" failures="0" timestamp="04 Apr 2021 15:09:47 GMT" time="135.617" errors="1">
  <testcase name="uplod_Documents" time="135.617" classname="PEGA.Changerequest">
    <error type="org.openqa.selenium.ElementClickInterceptedException" message="element click intercepted: Element &lt;img data-template=&quot;&quot; data-click=&quot;[[&amp;quot;processAction&amp;quot;, [&amp;quot;HFICNotesDetails&amp;quot;,&amp;quot;true&amp;quot;,&amp;quot;:event&amp;quot;,&amp;quot;&amp;quot;,&amp;quot;Rule-HTML-Section&amp;quot;,&amp;quot;hfic_modal_modal&amp;quot;,&amp;quot;RejectReasonModalTemplate&amp;quot;,&amp;quot;%7B%22mobile%22%3A%7B%22reveal%22%3A%7B%22effect%22%3A%22anim-bottom%22%7D%2C%22isCustomDismiss%22%3A%22false%22%7D%7D&amp;quot;,&amp;quot;true&amp;quot;,&amp;quot;HF-Product-Enroll-Work-Maint-ChangeRequest&amp;quot;,&amp;quot;HF-Product-Enroll-Work-Maint-ChangeRequest&amp;quot;,&amp;quot;false&amp;quot;,&amp;quot;false&amp;quot;,&amp;quot;&amp;quot;,&amp;quot;&amp;quot;]],[&amp;quot;refresh&amp;quot;, [&amp;quot;otherSection&amp;quot;,&amp;quot;DocumentUploadUI&amp;quot;, &amp;quot;&amp;quot;, &amp;quot;=&amp;quot;, &amp;quot;&amp;quot;, &amp;quot;,&amp;quot;,&amp;quot;:event&amp;quot;,&amp;quot;&amp;quot;,[&amp;quot;pzuiactionzzz=CXt0cn17U1RBTkRBUkR9ZWVlYjI2NjEzZDc4MjFiNzRmOGJkYzdmNGFmY2ZkYTg2OTVmYzA4NTkzYjViYTE3NmVhODYwOGFmYmFhOTdlOGZmMjYzNzVkM2MwY2ExZTRmMTZlYTUyZWEzOWQzMDQ4NmI2NDJkODRlYTVlODZmMWNiOWM0NzViNmFjYjIxZTE%3D*&amp;quot;,{},{}],&amp;quot;pyWorkPage&amp;quot;]]]&quot; data-ctl=&quot;Icon&quot; src=&quot;webwb/hficnotes_11608496393.png!!.png&quot; name=&quot;HFICCaseHeader_pyWorkPage_16&quot; tabindex=&quot;0&quot; role=&quot;link&quot;&gt; is not clickable at point (1095, 142). Other element would receive the click: &lt;div class=&quot;modal-align-cell hfic_modal_reject_reason_modal&quot;&gt;...&lt;/div&gt;
  (Session info: chrome=89.0.4389.114)
Build info: version: &#039;3.141.59&#039;, revision: &#039;e82be7d358&#039;, time: &#039;2018-11-14T08:17:03&#039;
System info: host: &#039;SVFL-XAADQAF-40&#039;, ip: &#039;10.200.189.204&#039;, os.name: &#039;Windows Server 2016&#039;, os.arch: &#039;amd64&#039;, os.version: &#039;10.0&#039;, java.version: &#039;1.8.0_211&#039;
Driver info: org.openqa.selenium.chrome.ChromeDriver
Capabilities {acceptInsecureCerts: false, browserName: chrome, browserVersion: 89.0.4389.114, chrome: {chromedriverVersion: 89.0.4389.23 (61b08ee2c5002..., userDataDir: C:\Users\SMUTCH~1\AppData\L...}, goog:chromeOptions: {debuggerAddress: localhost:52468}, javascriptEnabled: true, networkConnectionEnabled: false, pageLoadStrategy: normal, platform: WINDOWS, platformName: WINDOWS, proxy: Proxy(), setWindowRect: true, strictFileInteractability: false, timeouts: {implicit: 0, pageLoad: 300000, script: 30000}, unhandledPromptBehavior: dismiss and notify, webauthn:extension:largeBlob: true, webauthn:virtualAuthenticators: true}
Session ID: fcdbdbba2f6037fc2d61ded8961f4000">
      <![CDATA[org.openqa.selenium.ElementClickInterceptedException: element click intercepted: Element <img data-template="" data-click="[[&quot;processAction&quot;, [&quot;HFICNotesDetails&quot;,&quot;true&quot;,&quot;:event&quot;,&quot;&quot;,&quot;Rule-HTML-Section&quot;,&quot;hfic_modal_modal&quot;,&quot;RejectReasonModalTemplate&quot;,&quot;%7B%22mobile%22%3A%7B%22reveal%22%3A%7B%22effect%22%3A%22anim-bottom%22%7D%2C%22isCustomDismiss%22%3A%22false%22%7D%7D&quot;,&quot;true&quot;,&quot;HF-Product-Enroll-Work-Maint-ChangeRequest&quot;,&quot;HF-Product-Enroll-Work-Maint-ChangeRequest&quot;,&quot;false&quot;,&quot;false&quot;,&quot;&quot;,&quot;&quot;]],[&quot;refresh&quot;, [&quot;otherSection&quot;,&quot;DocumentUploadUI&quot;, &quot;&quot;, &quot;=&quot;, &quot;&quot;, &quot;,&quot;,&quot;:event&quot;,&quot;&quot;,[&quot;pzuiactionzzz=CXt0cn17U1RBTkRBUkR9ZWVlYjI2NjEzZDc4MjFiNzRmOGJkYzdmNGFmY2ZkYTg2OTVmYzA4NTkzYjViYTE3NmVhODYwOGFmYmFhOTdlOGZmMjYzNzVkM2MwY2ExZTRmMTZlYTUyZWEzOWQzMDQ4NmI2NDJkODRlYTVlODZmMWNiOWM0NzViNmFjYjIxZTE%3D*&quot;,{},{}],&quot;pyWorkPage&quot;]]]" data-ctl="Icon" src="webwb/hficnotes_11608496393.png!!.png" name="HFICCaseHeader_pyWorkPage_16" tabindex="0" role="link"> is not clickable at point (1095, 142). Other element would receive the click: <div class="modal-align-cell hfic_modal_reject_reason_modal">...</div>
  (Session info: chrome=89.0.4389.114)
Build info: version: '3.141.59', revision: 'e82be7d358', time: '2018-11-14T08:17:03'
System info: host: 'SVFL-XAADQAF-40', ip: '10.200.189.204', os.name: 'Windows Server 2016', os.arch: 'amd64', os.version: '10.0', java.version: '1.8.0_211'
Driver info: org.openqa.selenium.chrome.ChromeDriver
Capabilities {acceptInsecureCerts: false, browserName: chrome, browserVersion: 89.0.4389.114, chrome: {chromedriverVersion: 89.0.4389.23 (61b08ee2c5002..., userDataDir: C:\Users\SMUTCH~1\AppData\L...}, goog:chromeOptions: {debuggerAddress: localhost:52468}, javascriptEnabled: true, networkConnectionEnabled: false, pageLoadStrategy: normal, platform: WINDOWS, platformName: WINDOWS, proxy: Proxy(), setWindowRect: true, strictFileInteractability: false, timeouts: {implicit: 0, pageLoad: 300000, script: 30000}, unhandledPromptBehavior: dismiss and notify, webauthn:extension:largeBlob: true, webauthn:virtualAuthenticators: true}
Session ID: fcdbdbba2f6037fc2d61ded8961f4000
at sun.reflect.NativeConstructorAccessorImpl.newInstance0(Native Method)
at sun.reflect.NativeConstructorAccessorImpl.newInstance(Unknown Source)
at sun.reflect.DelegatingConstructorAccessorImpl.newInstance(Unknown Source)
at java.lang.reflect.Constructor.newInstance(Unknown Source)
at org.openqa.selenium.remote.http.W3CHttpResponseCodec.createException(W3CHttpResponseCodec.java:187)
at org.openqa.selenium.remote.http.W3CHttpResponseCodec.decode(W3CHttpResponseCodec.java:122)
at org.openqa.selenium.remote.http.W3CHttpResponseCodec.decode(W3CHttpResponseCodec.java:49)
at org.openqa.selenium.remote.HttpCommandExecutor.execute(HttpCommandExecutor.java:158)
at org.openqa.selenium.remote.service.DriverCommandExecutor.execute(DriverCommandExecutor.java:83)
at org.openqa.selenium.remote.RemoteWebDriver.execute(RemoteWebDriver.java:552)
at org.openqa.selenium.remote.RemoteWebElement.execute(RemoteWebElement.java:285)
at org.openqa.selenium.remote.RemoteWebElement.click(RemoteWebElement.java:84)
at PEGA.Changerequest.uplod_Documents(Changerequest.java:91)
at sun.reflect.NativeMethodAccessorImpl.invoke0(Native Method)
at sun.reflect.NativeMethodAccessorImpl.invoke(Unknown Source)
at sun.reflect.DelegatingMethodAccessorImpl.invoke(Unknown Source)
at java.lang.reflect.Method.invoke(Unknown Source)
at org.testng.internal.MethodInvocationHelper.invokeMethod(MethodInvocationHelper.java:124)
at org.testng.internal.Invoker.invokeMethod(Invoker.java:583)
at org.testng.internal.Invoker.invokeTestMethod(Invoker.java:719)
at org.testng.internal.Invoker.invokeTestMethods(Invoker.java:989)
at org.testng.internal.TestMethodWorker.invokeTestMethods(TestMethodWorker.java:125)
at org.testng.internal.TestMethodWorker.run(TestMethodWorker.java:109)
at org.testng.TestRunner.privateRun(TestRunner.java:648)
at org.testng.TestRunner.run(TestRunner.java:505)
at org.testng.SuiteRunner.runTest(SuiteRunner.java:455)
at org.testng.SuiteRunner.runSequentially(SuiteRunner.java:450)
at org.testng.SuiteRunner.privateRun(SuiteRunner.java:415)
at org.testng.SuiteRunner.run(SuiteRunner.java:364)
at org.testng.SuiteRunnerWorker.runSuite(SuiteRunnerWorker.java:52)
at org.testng.SuiteRunnerWorker.run(SuiteRunnerWorker.java:84)
at org.testng.TestNG.runSuitesSequentially(TestNG.java:1208)
at org.testng.TestNG.runSuitesLocally(TestNG.java:1137)
at org.testng.TestNG.runSuites(TestNG.java:1049)
at org.testng.TestNG.run(TestNG.java:1017)
at org.testng.remote.AbstractRemoteTestNG.run(AbstractRemoteTestNG.java:114)
at org.testng.remote.RemoteTestNG.initAndRun(RemoteTestNG.java:251)
at org.testng.remote.RemoteTestNG.main(RemoteTestNG.java:77)
]]>
    </error>
  </testcase> <!-- uplod_Documents -->
</testsuite> <!-- PEGA.Changerequest -->
